<?xml version="1.0" encoding="UTF-8"?>
<!-- Generated by org.testng.reporters.JUnitReportReporter -->
<testsuite hostname="XVLT0371" failures="0" tests="3" name="testng.Browser_launch" time="14.092" errors="0" timestamp="2022-01-07T09:37:26 IST" skipped="0">
  <testcase classname="testng.Browser_launch" name="testcase2" time="1.155"/>
  <system-out/>
  <testcase classname="testng.Browser_launch" name="testcase3" time="5.374"/>
  <system-out/>
  <testcase classname="testng.Browser_launch" name="testcase1" time="7.563"/>
  <system-out/>
</testsuite> <!-- testng.Browser_launch -->
