<?xml version="1.0" encoding="UTF-8"?>
<!-- Generated by org.testng.reporters.JUnitReportReporter -->
<testsuite hostname="XVLT0371" failures="0" tests="1" name="testng.Screenshot" time="17.408" errors="0" timestamp="2022-01-07T10:21:36 IST" skipped="0">
  <testcase classname="testng.Screenshot" name="login" time="17.408"/>
  <system-out/>
</testsuite> <!-- testng.Screenshot -->
