<?xml version="1.0" encoding="UTF-8"?>
<!-- Generated by org.testng.reporters.JUnitReportReporter -->
<testsuite hostname="XVLT0371" failures="0" tests="3" name="testng.Testcase" time="0.004" errors="0" timestamp="2022-01-04T17:14:49 IST" skipped="0">
  <testcase classname="testng.Testcase" name="testcase3" time="0.001"/>
  <system-out/>
  <testcase classname="testng.Testcase" name="testcase1" time="0.002"/>
  <system-out/>
  <testcase classname="testng.Testcase" name="testcase2" time="0.001"/>
  <system-out/>
</testsuite> <!-- testng.Testcase -->
