<?xml version="1.0" encoding="UTF-8"?>
<!-- Generated by org.testng.reporters.JUnitReportReporter -->
<testsuite hostname="XVLT0371" failures="0" tests="3" name="testng.Sample_testcase" time="0.013" errors="0" timestamp="2022-01-05T16:05:37 IST" skipped="0">
  <testcase classname="testng.Sample_testcase" name="testcase3" time="0.003"/>
  <system-out/>
  <testcase classname="testng.Sample_testcase" name="testcase2" time="0.002"/>
  <system-out/>
  <testcase classname="testng.Sample_testcase" name="testcase1" time="0.008"/>
  <system-out/>
</testsuite> <!-- testng.Sample_testcase -->
