<?xml version="1.0" encoding="UTF-8"?>
<!-- Generated by org.testng.reporters.JUnitReportReporter -->
<testsuite hostname="XVLT0371" failures="0" tests="3" name="testng.Parallel_execution" time="0.017" errors="0" timestamp="2022-01-04T17:14:49 IST" skipped="0">
  <testcase classname="testng.Parallel_execution" name="testcase3" time="0.004"/>
  <system-out/>
  <testcase classname="testng.Parallel_execution" name="testcase1" time="0.008"/>
  <system-out/>
  <testcase classname="testng.Parallel_execution" name="testcase2" time="0.005"/>
  <system-out/>
</testsuite> <!-- testng.Parallel_execution -->
