<?xml version="1.0" encoding="UTF-8"?>
<!-- Generated by org.testng.reporters.JUnitReportReporter -->
<testsuite hostname="XVLT0371" failures="0" tests="1" name="testng.Grp_in_testcase" time="0.006" errors="0" timestamp="2022-01-05T10:42:19 IST" skipped="0">
  <testcase classname="testng.Grp_in_testcase" name="testcase3" time="0.006"/>
  <system-out/>
</testsuite> <!-- testng.Grp_in_testcase -->
