<?xml version="1.0" encoding="UTF-8"?>
<!-- Generated by org.testng.reporters.JUnitReportReporter -->
<testsuite hostname="XVLT0371" failures="0" tests="3" name="testng.Parallel_execution1" time="0.013" errors="0" timestamp="2022-01-04T17:14:49 IST" skipped="0">
  <testcase classname="testng.Parallel_execution1" name="testcase4" time="0.008"/>
  <system-out/>
  <testcase classname="testng.Parallel_execution1" name="testcase6" time="0.003"/>
  <system-out/>
  <testcase classname="testng.Parallel_execution1" name="testcase5" time="0.002"/>
  <system-out/>
</testsuite> <!-- testng.Parallel_execution1 -->
